<?xml version="1.0" encoding="UTF-8"?>
<!-- Generated by org.testng.reporters.JUnitReportReporter -->
<testsuite skipped="0" hostname="windows7-PC" name="testngpractice.ParallelTest_01" tests="9" failures="0" timestamp="2021-08-27T15:39:30 IST" time="0.108" errors="0">
  <testcase name="ParallelTest1" time="0.015" classname="testngpractice.ParallelTest_01"/>
  <system-out>
ParallelTest_01  </system-out>
  <testcase name="ParallelTest1" time="0.004" classname="testngpractice.ParallelTest_01"/>
  <system-out>
ParallelTest_01  </system-out>
  <testcase name="ParallelTest1" time="0.003" classname="testngpractice.ParallelTest_01"/>
  <system-out>
ParallelTest_01  </system-out>
  <testcase name="ParallelTest1" time="0.020" classname="testngpractice.ParallelTest_01"/>
  <system-out>
ParallelTest_01  </system-out>
  <testcase name="ParallelTest1" time="0.033" classname="testngpractice.ParallelTest_01"/>
  <system-out>
ParallelTest_01  </system-out>
  <testcase name="ParallelTest1" time="0.013" classname="testngpractice.ParallelTest_01"/>
  <system-out>
ParallelTest_01  </system-out>
  <testcase name="ParallelTest1" time="0.006" classname="testngpractice.ParallelTest_01"/>
  <system-out>
ParallelTest_01  </system-out>
  <testcase name="ParallelTest1" time="0.012" classname="testngpractice.ParallelTest_01"/>
  <system-out>
ParallelTest_01  </system-out>
  <testcase name="ParallelTest1" time="0.002" classname="testngpractice.ParallelTest_01"/>
  <system-out>
ParallelTest_01  </system-out>
</testsuite> <!-- testngpractice.ParallelTest_01 -->
