<?xml version="1.0" encoding="UTF-8"?>
<!-- Generated by org.testng.reporters.JUnitReportReporter -->
<testsuite skipped="0" hostname="windows7-PC" name="testngpractice.ParallelTest_02" tests="1" failures="0" timestamp="2021-08-14T23:47:35 IST" time="0.010" errors="0">
  <testcase name="ParallelTest2" time="0.010" classname="testngpractice.ParallelTest_02"/>
  <system-out>
ParallelTest_02  </system-out>
</testsuite> <!-- testngpractice.ParallelTest_02 -->
